<?xml version="1.0" encoding="UTF-8"?>
<coverage generated="1524524489162" clover="3.2.0">
  <project timestamp="1524524489162" name="All files">
    <metrics statements="265" coveredstatements="87" conditionals="42" coveredconditionals="8" methods="80" coveredmethods="17" elements="387" coveredelements="112" complexity="0" loc="265" ncloc="265" packages="5" files="9" classes="9">
      <package name="database">
        <metrics statements="5" coveredstatements="5" conditionals="2" coveredconditionals="2" methods="0" coveredmethods="0"/>
        <file name="index.js" path="/Users/rj/Documents/Hack Reactor/reviews-service/database/index.js">
          <metrics statements="5" coveredstatements="5" conditionals="2" coveredconditionals="2" methods="0" coveredmethods="0"/>
          <line num="3" count="1" type="stmt"/>
          <line num="4" count="1" type="cond" truecount="2" falsecount="0"/>
          <line num="6" count="1" type="stmt"/>
          <line num="8" count="1" type="stmt"/>
          <line num="10" count="1" type="stmt"/>
        </file>
      </package>
      <package name="dummyData">
        <metrics statements="4" coveredstatements="4" conditionals="0" coveredconditionals="0" methods="0" coveredmethods="0"/>
        <file name="reviewAscData.js" path="/Users/rj/Documents/Hack Reactor/reviews-service/dummyData/reviewAscData.js">
          <metrics statements="1" coveredstatements="1" conditionals="0" coveredconditionals="0" methods="0" coveredmethods="0"/>
          <line num="1" count="1" type="stmt"/>
        </file>
        <file name="reviewData.js" path="/Users/rj/Documents/Hack Reactor/reviews-service/dummyData/reviewData.js">
          <metrics statements="1" coveredstatements="1" conditionals="0" coveredconditionals="0" methods="0" coveredmethods="0"/>
          <line num="1" count="1" type="stmt"/>
        </file>
        <file name="userAscData.js" path="/Users/rj/Documents/Hack Reactor/reviews-service/dummyData/userAscData.js">
          <metrics statements="1" coveredstatements="1" conditionals="0" coveredconditionals="0" methods="0" coveredmethods="0"/>
          <line num="1" count="1" type="stmt"/>
        </file>
        <file name="userData.js" path="/Users/rj/Documents/Hack Reactor/reviews-service/dummyData/userData.js">
          <metrics statements="1" coveredstatements="1" conditionals="0" coveredconditionals="0" methods="0" coveredmethods="0"/>
          <line num="1" count="1" type="stmt"/>
        </file>
      </package>
      <package name="server">
        <metrics statements="34" coveredstatements="32" conditionals="2" coveredconditionals="1" methods="0" coveredmethods="0"/>
        <file name="app.js" path="/Users/rj/Documents/Hack Reactor/reviews-service/server/app.js">
          <metrics statements="18" coveredstatements="16" conditionals="2" coveredconditionals="1" methods="0" coveredmethods="0"/>
          <line num="3" count="1" type="stmt"/>
          <line num="5" count="1" type="stmt"/>
          <line num="7" count="1" type="stmt"/>
          <line num="8" count="1" type="stmt"/>
          <line num="11" count="1" type="stmt"/>
          <line num="12" count="1" type="stmt"/>
          <line num="13" count="1" type="stmt"/>
          <line num="16" count="1" type="stmt"/>
          <line num="18" count="1" type="stmt"/>
          <line num="19" count="1" type="stmt"/>
          <line num="20" count="1" type="stmt"/>
          <line num="21" count="1" type="stmt"/>
          <line num="24" count="1" type="stmt"/>
          <line num="26" count="1" type="stmt"/>
          <line num="29" count="1" type="cond" truecount="1" falsecount="1"/>
          <line num="30" count="0" type="stmt"/>
          <line num="31" count="0" type="stmt"/>
          <line num="34" count="1" type="stmt"/>
        </file>
        <file name="routes.js" path="/Users/rj/Documents/Hack Reactor/reviews-service/server/routes.js">
          <metrics statements="16" coveredstatements="16" conditionals="0" coveredconditionals="0" methods="0" coveredmethods="0"/>
          <line num="1" count="1" type="stmt"/>
          <line num="2" count="1" type="stmt"/>
          <line num="5" count="1" type="stmt"/>
          <line num="7" count="1" type="stmt"/>
          <line num="9" count="1" type="stmt"/>
          <line num="11" count="1" type="stmt"/>
          <line num="13" count="1" type="stmt"/>
          <line num="15" count="1" type="stmt"/>
          <line num="17" count="1" type="stmt"/>
          <line num="19" count="1" type="stmt"/>
          <line num="21" count="1" type="stmt"/>
          <line num="23" count="1" type="stmt"/>
          <line num="25" count="1" type="stmt"/>
          <line num="27" count="1" type="stmt"/>
          <line num="29" count="1" type="stmt"/>
          <line num="33" count="1" type="stmt"/>
        </file>
      </package>
      <package name="server.controller">
        <metrics statements="79" coveredstatements="17" conditionals="0" coveredconditionals="0" methods="35" coveredmethods="6"/>
        <file name="index.js" path="/Users/rj/Documents/Hack Reactor/reviews-service/server/controller/index.js">
          <metrics statements="79" coveredstatements="17" conditionals="0" coveredconditionals="0" methods="35" coveredmethods="6"/>
          <line num="3" count="1" type="stmt"/>
          <line num="5" count="1" type="stmt"/>
          <line num="8" count="1" type="stmt"/>
          <line num="9" count="1" type="stmt"/>
          <line num="10" count="1" type="stmt"/>
          <line num="12" count="1" type="stmt"/>
          <line num="13" count="1" type="stmt"/>
          <line num="16" count="0" type="stmt"/>
          <line num="17" count="0" type="stmt"/>
          <line num="23" count="2" type="stmt"/>
          <line num="24" count="2" type="stmt"/>
          <line num="25" count="2" type="stmt"/>
          <line num="27" count="2" type="stmt"/>
          <line num="28" count="2" type="stmt"/>
          <line num="31" count="0" type="stmt"/>
          <line num="32" count="0" type="stmt"/>
          <line num="36" count="2" type="stmt"/>
          <line num="37" count="2" type="stmt"/>
          <line num="38" count="2" type="stmt"/>
          <line num="40" count="2" type="stmt"/>
          <line num="41" count="2" type="stmt"/>
          <line num="44" count="0" type="stmt"/>
          <line num="45" count="0" type="stmt"/>
          <line num="49" count="0" type="stmt"/>
          <line num="50" count="0" type="stmt"/>
          <line num="51" count="0" type="stmt"/>
          <line num="53" count="0" type="stmt"/>
          <line num="54" count="0" type="stmt"/>
          <line num="57" count="0" type="stmt"/>
          <line num="58" count="0" type="stmt"/>
          <line num="62" count="0" type="stmt"/>
          <line num="63" count="0" type="stmt"/>
          <line num="64" count="0" type="stmt"/>
          <line num="66" count="0" type="stmt"/>
          <line num="67" count="0" type="stmt"/>
          <line num="70" count="0" type="stmt"/>
          <line num="71" count="0" type="stmt"/>
          <line num="75" count="0" type="stmt"/>
          <line num="76" count="0" type="stmt"/>
          <line num="77" count="0" type="stmt"/>
          <line num="79" count="0" type="stmt"/>
          <line num="80" count="0" type="stmt"/>
          <line num="83" count="0" type="stmt"/>
          <line num="84" count="0" type="stmt"/>
          <line num="92" count="0" type="stmt"/>
          <line num="93" count="0" type="stmt"/>
          <line num="94" count="0" type="stmt"/>
          <line num="96" count="0" type="stmt"/>
          <line num="97" count="0" type="stmt"/>
          <line num="100" count="0" type="stmt"/>
          <line num="101" count="0" type="stmt"/>
          <line num="105" count="0" type="stmt"/>
          <line num="106" count="0" type="stmt"/>
          <line num="107" count="0" type="stmt"/>
          <line num="109" count="0" type="stmt"/>
          <line num="110" count="0" type="stmt"/>
          <line num="113" count="0" type="stmt"/>
          <line num="114" count="0" type="stmt"/>
          <line num="118" count="0" type="stmt"/>
          <line num="119" count="0" type="stmt"/>
          <line num="120" count="0" type="stmt"/>
          <line num="122" count="0" type="stmt"/>
          <line num="123" count="0" type="stmt"/>
          <line num="126" count="0" type="stmt"/>
          <line num="127" count="0" type="stmt"/>
          <line num="131" count="0" type="stmt"/>
          <line num="132" count="0" type="stmt"/>
          <line num="133" count="0" type="stmt"/>
          <line num="135" count="0" type="stmt"/>
          <line num="136" count="0" type="stmt"/>
          <line num="139" count="0" type="stmt"/>
          <line num="140" count="0" type="stmt"/>
          <line num="144" count="0" type="stmt"/>
          <line num="145" count="0" type="stmt"/>
          <line num="146" count="0" type="stmt"/>
          <line num="148" count="0" type="stmt"/>
          <line num="149" count="0" type="stmt"/>
          <line num="152" count="0" type="stmt"/>
          <line num="153" count="0" type="stmt"/>
        </file>
      </package>
      <package name="server.model">
        <metrics statements="143" coveredstatements="29" conditionals="38" coveredconditionals="5" methods="45" coveredmethods="11"/>
        <file name="index.js" path="/Users/rj/Documents/Hack Reactor/reviews-service/server/model/index.js">
          <metrics statements="143" coveredstatements="29" conditionals="38" coveredconditionals="5" methods="45" coveredmethods="11"/>
          <line num="3" count="1" type="stmt"/>
          <line num="5" count="1" type="stmt"/>
          <line num="8" count="1" type="stmt"/>
          <line num="9" count="1" type="stmt"/>
          <line num="10" count="1" type="stmt"/>
          <line num="12" count="1" type="stmt"/>
          <line num="13" count="1" type="cond" truecount="1" falsecount="1"/>
          <line num="14" count="0" type="stmt"/>
          <line num="15" count="0" type="stmt"/>
          <line num="17" count="1" type="stmt"/>
          <line num="18" count="1" type="stmt"/>
          <line num="28" count="2" type="stmt"/>
          <line num="29" count="2" type="stmt"/>
          <line num="30" count="2" type="stmt"/>
          <line num="32" count="2" type="stmt"/>
          <line num="33" count="2" type="cond" truecount="1" falsecount="1"/>
          <line num="34" count="0" type="stmt"/>
          <line num="35" count="0" type="stmt"/>
          <line num="38" count="2" type="stmt"/>
          <line num="42" count="2" type="stmt"/>
          <line num="43" count="2" type="cond" truecount="1" falsecount="1"/>
          <line num="44" count="0" type="stmt"/>
          <line num="45" count="0" type="stmt"/>
          <line num="49" count="2" type="stmt"/>
          <line num="53" count="2" type="stmt"/>
          <line num="65" count="2" type="stmt"/>
          <line num="66" count="2" type="stmt"/>
          <line num="67" count="2" type="stmt"/>
          <line num="69" count="2" type="stmt"/>
          <line num="70" count="2" type="cond" truecount="1" falsecount="1"/>
          <line num="71" count="0" type="stmt"/>
          <line num="72" count="0" type="stmt"/>
          <line num="75" count="2" type="stmt"/>
          <line num="79" count="2" type="stmt"/>
          <line num="80" count="2" type="cond" truecount="1" falsecount="1"/>
          <line num="81" count="0" type="stmt"/>
          <line num="82" count="0" type="stmt"/>
          <line num="86" count="2" type="stmt"/>
          <line num="90" count="2" type="stmt"/>
          <line num="102" count="0" type="stmt"/>
          <line num="103" count="0" type="stmt"/>
          <line num="104" count="0" type="stmt"/>
          <line num="106" count="0" type="stmt"/>
          <line num="107" count="0" type="cond" truecount="0" falsecount="2"/>
          <line num="108" count="0" type="stmt"/>
          <line num="109" count="0" type="stmt"/>
          <line num="112" count="0" type="stmt"/>
          <line num="116" count="0" type="stmt"/>
          <line num="117" count="0" type="cond" truecount="0" falsecount="2"/>
          <line num="118" count="0" type="stmt"/>
          <line num="119" count="0" type="stmt"/>
          <line num="123" count="0" type="stmt"/>
          <line num="127" count="0" type="stmt"/>
          <line num="139" count="0" type="stmt"/>
          <line num="140" count="0" type="stmt"/>
          <line num="141" count="0" type="stmt"/>
          <line num="143" count="0" type="stmt"/>
          <line num="144" count="0" type="cond" truecount="0" falsecount="2"/>
          <line num="145" count="0" type="stmt"/>
          <line num="146" count="0" type="stmt"/>
          <line num="149" count="0" type="stmt"/>
          <line num="153" count="0" type="stmt"/>
          <line num="154" count="0" type="cond" truecount="0" falsecount="2"/>
          <line num="155" count="0" type="stmt"/>
          <line num="156" count="0" type="stmt"/>
          <line num="160" count="0" type="stmt"/>
          <line num="164" count="0" type="stmt"/>
          <line num="176" count="0" type="stmt"/>
          <line num="177" count="0" type="stmt"/>
          <line num="178" count="0" type="stmt"/>
          <line num="180" count="0" type="stmt"/>
          <line num="181" count="0" type="cond" truecount="0" falsecount="2"/>
          <line num="182" count="0" type="stmt"/>
          <line num="183" count="0" type="stmt"/>
          <line num="185" count="0" type="stmt"/>
          <line num="186" count="0" type="stmt"/>
          <line num="192" count="0" type="stmt"/>
          <line num="193" count="0" type="stmt"/>
          <line num="197" count="0" type="stmt"/>
          <line num="198" count="0" type="stmt"/>
          <line num="205" count="0" type="stmt"/>
          <line num="206" count="0" type="stmt"/>
          <line num="209" count="0" type="stmt"/>
          <line num="210" count="0" type="cond" truecount="0" falsecount="2"/>
          <line num="211" count="0" type="stmt"/>
          <line num="212" count="0" type="stmt"/>
          <line num="214" count="0" type="stmt"/>
          <line num="216" count="0" type="stmt"/>
          <line num="217" count="0" type="cond" truecount="0" falsecount="2"/>
          <line num="218" count="0" type="stmt"/>
          <line num="219" count="0" type="stmt"/>
          <line num="221" count="0" type="stmt"/>
          <line num="225" count="0" type="stmt"/>
          <line num="233" count="0" type="stmt"/>
          <line num="234" count="0" type="stmt"/>
          <line num="237" count="0" type="stmt"/>
          <line num="238" count="0" type="cond" truecount="0" falsecount="2"/>
          <line num="239" count="0" type="stmt"/>
          <line num="240" count="0" type="stmt"/>
          <line num="242" count="0" type="stmt"/>
          <line num="244" count="0" type="stmt"/>
          <line num="245" count="0" type="cond" truecount="0" falsecount="2"/>
          <line num="246" count="0" type="stmt"/>
          <line num="247" count="0" type="stmt"/>
          <line num="249" count="0" type="stmt"/>
          <line num="253" count="0" type="stmt"/>
          <line num="263" count="0" type="stmt"/>
          <line num="264" count="0" type="stmt"/>
          <line num="265" count="0" type="stmt"/>
          <line num="267" count="0" type="stmt"/>
          <line num="268" count="0" type="cond" truecount="0" falsecount="2"/>
          <line num="269" count="0" type="stmt"/>
          <line num="270" count="0" type="stmt"/>
          <line num="273" count="0" type="stmt"/>
          <line num="277" count="0" type="stmt"/>
          <line num="278" count="0" type="cond" truecount="0" falsecount="2"/>
          <line num="279" count="0" type="stmt"/>
          <line num="280" count="0" type="stmt"/>
          <line num="284" count="0" type="stmt"/>
          <line num="288" count="0" type="stmt"/>
          <line num="300" count="0" type="stmt"/>
          <line num="301" count="0" type="stmt"/>
          <line num="302" count="0" type="stmt"/>
          <line num="304" count="0" type="stmt"/>
          <line num="305" count="0" type="cond" truecount="0" falsecount="2"/>
          <line num="306" count="0" type="stmt"/>
          <line num="307" count="0" type="stmt"/>
          <line num="310" count="0" type="stmt"/>
          <line num="314" count="0" type="stmt"/>
          <line num="315" count="0" type="cond" truecount="0" falsecount="2"/>
          <line num="316" count="0" type="stmt"/>
          <line num="317" count="0" type="stmt"/>
          <line num="321" count="0" type="stmt"/>
          <line num="325" count="0" type="stmt"/>
          <line num="337" count="0" type="stmt"/>
          <line num="338" count="0" type="stmt"/>
          <line num="339" count="0" type="stmt"/>
          <line num="341" count="0" type="stmt"/>
          <line num="342" count="0" type="cond" truecount="0" falsecount="2"/>
          <line num="343" count="0" type="stmt"/>
          <line num="344" count="0" type="stmt"/>
          <line num="346" count="0" type="stmt"/>
          <line num="347" count="0" type="stmt"/>
        </file>
      </package>
    </metrics>
  </project>
</coverage>
