{"/Users/rj/Documents/Hack Reactor/reviews-service/database/index.js": {"path":"/Users/rj/Documents/Hack Reactor/reviews-service/database/index.js","statementMap":{"0":{"start":{"line":3,"column":11},"end":{"line":3,"column":24}},"1":{"start":{"line":4,"column":25},"end":{"line":4,"column":100}},"2":{"start":{"line":6,"column":19},"end":{"line":6,"column":50}},"3":{"start":{"line":8,"column":0},"end":{"line":8,"column":21}},"4":{"start":{"line":10,"column":0},"end":{"line":10,"column":28}}},"fnMap":{},"branchMap":{"0":{"loc":{"start":{"line":4,"column":25},"end":{"line":4,"column":100}},"type":"binary-expr","locations":[{"start":{"line":4,"column":25},"end":{"line":4,"column":49}},{"start":{"line":4,"column":53},"end":{"line":4,"column":100}}],"line":4}},"s":{"0":1,"1":1,"2":1,"3":1,"4":1},"f":{},"b":{"0":[1,1]},"_coverageSchema":"332fd63041d2c1bcb487cc26dd0d5f7d97098a6c","hash":"5a821781dba4a1175512bf50038860285b46cb5a"}
,"/Users/rj/Documents/Hack Reactor/reviews-service/dummyData/reviewAscData.js": {"path":"/Users/rj/Documents/Hack Reactor/reviews-service/dummyData/reviewAscData.js","statementMap":{"0":{"start":{"line":1,"column":0},"end":{"line":228,"column":4}}},"fnMap":{},"branchMap":{},"s":{"0":1},"f":{},"b":{},"_coverageSchema":"332fd63041d2c1bcb487cc26dd0d5f7d97098a6c","hash":"81316fa7c2cd22ffddf186f13ad8581b0e372193"}
,"/Users/rj/Documents/Hack Reactor/reviews-service/dummyData/reviewData.js": {"path":"/Users/rj/Documents/Hack Reactor/reviews-service/dummyData/reviewData.js","statementMap":{"0":{"start":{"line":1,"column":0},"end":{"line":226,"column":2}}},"fnMap":{},"branchMap":{},"s":{"0":1},"f":{},"b":{},"_coverageSchema":"332fd63041d2c1bcb487cc26dd0d5f7d97098a6c","hash":"7f1da89373875ab849f70af8f90b300ddc6875fb"}
,"/Users/rj/Documents/Hack Reactor/reviews-service/dummyData/userAscData.js": {"path":"/Users/rj/Documents/Hack Reactor/reviews-service/dummyData/userAscData.js","statementMap":{"0":{"start":{"line":1,"column":0},"end":{"line":446,"column":2}}},"fnMap":{},"branchMap":{},"s":{"0":1},"f":{},"b":{},"_coverageSchema":"332fd63041d2c1bcb487cc26dd0d5f7d97098a6c","hash":"8e0bebd885025387eba6f8ddc68ba708fb9178f9"}
,"/Users/rj/Documents/Hack Reactor/reviews-service/dummyData/userData.js": {"path":"/Users/rj/Documents/Hack Reactor/reviews-service/dummyData/userData.js","statementMap":{"0":{"start":{"line":1,"column":0},"end":{"line":447,"column":2}}},"fnMap":{},"branchMap":{},"s":{"0":1},"f":{},"b":{},"_coverageSchema":"332fd63041d2c1bcb487cc26dd0d5f7d97098a6c","hash":"9e6bdb360780691be97bebbc3d675ba63ec93359"}
,"/Users/rj/Documents/Hack Reactor/reviews-service/server/app.js": {"path":"/Users/rj/Documents/Hack Reactor/reviews-service/server/app.js","statementMap":{"0":{"start":{"line":3,"column":14},"end":{"line":3,"column":32}},"1":{"start":{"line":5,"column":11},"end":{"line":5,"column":26}},"2":{"start":{"line":7,"column":13},"end":{"line":7,"column":30}},"3":{"start":{"line":8,"column":13},"end":{"line":8,"column":35}},"4":{"start":{"line":11,"column":13},"end":{"line":11,"column":35}},"5":{"start":{"line":12,"column":11},"end":{"line":12,"column":26}},"6":{"start":{"line":13,"column":10},"end":{"line":13,"column":19}},"7":{"start":{"line":16,"column":0},"end":{"line":16,"column":22}},"8":{"start":{"line":18,"column":0},"end":{"line":18,"column":16}},"9":{"start":{"line":19,"column":0},"end":{"line":19,"column":23}},"10":{"start":{"line":20,"column":0},"end":{"line":20,"column":47}},"11":{"start":{"line":21,"column":0},"end":{"line":21,"column":23}},"12":{"start":{"line":24,"column":0},"end":{"line":24,"column":85}},"13":{"start":{"line":26,"column":0},"end":{"line":26,"column":45}},"14":{"start":{"line":29,"column":0},"end":{"line":32,"column":1}},"15":{"start":{"line":30,"column":2},"end":{"line":30,"column":30}},"16":{"start":{"line":31,"column":2},"end":{"line":31,"column":47}},"17":{"start":{"line":34,"column":0},"end":{"line":34,"column":25}}},"fnMap":{},"branchMap":{"0":{"loc":{"start":{"line":29,"column":0},"end":{"line":32,"column":1}},"type":"if","locations":[{"start":{"line":29,"column":0},"end":{"line":32,"column":1}},{"start":{"line":29,"column":0},"end":{"line":32,"column":1}}],"line":29}},"s":{"0":1,"1":1,"2":1,"3":1,"4":1,"5":1,"6":1,"7":1,"8":1,"9":1,"10":1,"11":1,"12":1,"13":1,"14":1,"15":0,"16":0,"17":1},"f":{},"b":{"0":[0,1]},"_coverageSchema":"332fd63041d2c1bcb487cc26dd0d5f7d97098a6c","hash":"c244724413477d679cdd79b026520bb62600d065"}
,"/Users/rj/Documents/Hack Reactor/reviews-service/server/routes.js": {"path":"/Users/rj/Documents/Hack Reactor/reviews-service/server/routes.js","statementMap":{"0":{"start":{"line":1,"column":17},"end":{"line":1,"column":40}},"1":{"start":{"line":2,"column":13},"end":{"line":2,"column":40}},"2":{"start":{"line":5,"column":0},"end":{"line":5,"column":53}},"3":{"start":{"line":7,"column":0},"end":{"line":7,"column":54}},"4":{"start":{"line":9,"column":0},"end":{"line":9,"column":52}},"5":{"start":{"line":11,"column":0},"end":{"line":11,"column":62}},"6":{"start":{"line":13,"column":0},"end":{"line":13,"column":60}},"7":{"start":{"line":15,"column":0},"end":{"line":15,"column":50}},"8":{"start":{"line":17,"column":0},"end":{"line":17,"column":42}},"9":{"start":{"line":19,"column":0},"end":{"line":19,"column":54}},"10":{"start":{"line":21,"column":0},"end":{"line":21,"column":60}},"11":{"start":{"line":23,"column":0},"end":{"line":23,"column":58}},"12":{"start":{"line":25,"column":0},"end":{"line":25,"column":68}},"13":{"start":{"line":27,"column":0},"end":{"line":27,"column":66}},"14":{"start":{"line":29,"column":0},"end":{"line":29,"column":56}},"15":{"start":{"line":33,"column":0},"end":{"line":33,"column":24}}},"fnMap":{},"branchMap":{},"s":{"0":1,"1":1,"2":1,"3":1,"4":1,"5":1,"6":1,"7":1,"8":1,"9":1,"10":1,"11":1,"12":1,"13":1,"14":1,"15":1},"f":{},"b":{},"_coverageSchema":"332fd63041d2c1bcb487cc26dd0d5f7d97098a6c","hash":"b658364475d490525c28b8571a97acc424d41db8"}
,"/Users/rj/Documents/Hack Reactor/reviews-service/server/controller/index.js": {"path":"/Users/rj/Documents/Hack Reactor/reviews-service/server/controller/index.js","statementMap":{"0":{"start":{"line":3,"column":14},"end":{"line":3,"column":33}},"1":{"start":{"line":5,"column":0},"end":{"line":157,"column":2}},"2":{"start":{"line":8,"column":19},"end":{"line":8,"column":28}},"3":{"start":{"line":9,"column":6},"end":{"line":9,"column":56}},"4":{"start":{"line":10,"column":6},"end":{"line":18,"column":13}},"5":{"start":{"line":12,"column":10},"end":{"line":12,"column":56}},"6":{"start":{"line":13,"column":10},"end":{"line":13,"column":25}},"7":{"start":{"line":16,"column":12},"end":{"line":16,"column":61}},"8":{"start":{"line":17,"column":12},"end":{"line":17,"column":26}},"9":{"start":{"line":23,"column":19},"end":{"line":23,"column":28}},"10":{"start":{"line":24,"column":6},"end":{"line":24,"column":53}},"11":{"start":{"line":25,"column":6},"end":{"line":33,"column":13}},"12":{"start":{"line":27,"column":10},"end":{"line":27,"column":56}},"13":{"start":{"line":28,"column":10},"end":{"line":28,"column":25}},"14":{"start":{"line":31,"column":12},"end":{"line":31,"column":61}},"15":{"start":{"line":32,"column":12},"end":{"line":32,"column":26}},"16":{"start":{"line":36,"column":19},"end":{"line":36,"column":28}},"17":{"start":{"line":37,"column":6},"end":{"line":37,"column":53}},"18":{"start":{"line":38,"column":6},"end":{"line":46,"column":13}},"19":{"start":{"line":40,"column":10},"end":{"line":40,"column":56}},"20":{"start":{"line":41,"column":10},"end":{"line":41,"column":25}},"21":{"start":{"line":44,"column":12},"end":{"line":44,"column":61}},"22":{"start":{"line":45,"column":12},"end":{"line":45,"column":26}},"23":{"start":{"line":49,"column":19},"end":{"line":49,"column":28}},"24":{"start":{"line":50,"column":6},"end":{"line":50,"column":53}},"25":{"start":{"line":51,"column":6},"end":{"line":59,"column":13}},"26":{"start":{"line":53,"column":10},"end":{"line":53,"column":56}},"27":{"start":{"line":54,"column":10},"end":{"line":54,"column":25}},"28":{"start":{"line":57,"column":12},"end":{"line":57,"column":61}},"29":{"start":{"line":58,"column":12},"end":{"line":58,"column":26}},"30":{"start":{"line":62,"column":19},"end":{"line":62,"column":28}},"31":{"start":{"line":63,"column":6},"end":{"line":63,"column":53}},"32":{"start":{"line":64,"column":6},"end":{"line":72,"column":13}},"33":{"start":{"line":66,"column":10},"end":{"line":66,"column":56}},"34":{"start":{"line":67,"column":10},"end":{"line":67,"column":25}},"35":{"start":{"line":70,"column":12},"end":{"line":70,"column":61}},"36":{"start":{"line":71,"column":12},"end":{"line":71,"column":26}},"37":{"start":{"line":75,"column":19},"end":{"line":75,"column":28}},"38":{"start":{"line":76,"column":6},"end":{"line":76,"column":53}},"39":{"start":{"line":77,"column":6},"end":{"line":85,"column":13}},"40":{"start":{"line":79,"column":10},"end":{"line":79,"column":56}},"41":{"start":{"line":80,"column":10},"end":{"line":80,"column":25}},"42":{"start":{"line":83,"column":12},"end":{"line":83,"column":61}},"43":{"start":{"line":84,"column":12},"end":{"line":84,"column":26}},"44":{"start":{"line":92,"column":19},"end":{"line":92,"column":28}},"45":{"start":{"line":93,"column":6},"end":{"line":93,"column":53}},"46":{"start":{"line":94,"column":6},"end":{"line":102,"column":13}},"47":{"start":{"line":96,"column":10},"end":{"line":96,"column":56}},"48":{"start":{"line":97,"column":10},"end":{"line":97,"column":25}},"49":{"start":{"line":100,"column":12},"end":{"line":100,"column":61}},"50":{"start":{"line":101,"column":12},"end":{"line":101,"column":26}},"51":{"start":{"line":105,"column":19},"end":{"line":105,"column":28}},"52":{"start":{"line":106,"column":6},"end":{"line":106,"column":53}},"53":{"start":{"line":107,"column":6},"end":{"line":115,"column":13}},"54":{"start":{"line":109,"column":10},"end":{"line":109,"column":56}},"55":{"start":{"line":110,"column":10},"end":{"line":110,"column":25}},"56":{"start":{"line":113,"column":12},"end":{"line":113,"column":61}},"57":{"start":{"line":114,"column":12},"end":{"line":114,"column":26}},"58":{"start":{"line":118,"column":19},"end":{"line":118,"column":28}},"59":{"start":{"line":119,"column":6},"end":{"line":119,"column":53}},"60":{"start":{"line":120,"column":6},"end":{"line":128,"column":13}},"61":{"start":{"line":122,"column":10},"end":{"line":122,"column":56}},"62":{"start":{"line":123,"column":10},"end":{"line":123,"column":25}},"63":{"start":{"line":126,"column":12},"end":{"line":126,"column":61}},"64":{"start":{"line":127,"column":12},"end":{"line":127,"column":26}},"65":{"start":{"line":131,"column":19},"end":{"line":131,"column":28}},"66":{"start":{"line":132,"column":6},"end":{"line":132,"column":53}},"67":{"start":{"line":133,"column":6},"end":{"line":141,"column":13}},"68":{"start":{"line":135,"column":10},"end":{"line":135,"column":56}},"69":{"start":{"line":136,"column":10},"end":{"line":136,"column":25}},"70":{"start":{"line":139,"column":12},"end":{"line":139,"column":61}},"71":{"start":{"line":140,"column":12},"end":{"line":140,"column":26}},"72":{"start":{"line":144,"column":19},"end":{"line":144,"column":28}},"73":{"start":{"line":145,"column":6},"end":{"line":145,"column":53}},"74":{"start":{"line":146,"column":6},"end":{"line":154,"column":13}},"75":{"start":{"line":148,"column":10},"end":{"line":148,"column":56}},"76":{"start":{"line":149,"column":10},"end":{"line":149,"column":25}},"77":{"start":{"line":152,"column":12},"end":{"line":152,"column":61}},"78":{"start":{"line":153,"column":12},"end":{"line":153,"column":26}}},"fnMap":{"0":{"name":"(anonymous_0)","decl":{"start":{"line":7,"column":9},"end":{"line":7,"column":10}},"loc":{"start":{"line":7,"column":23},"end":{"line":19,"column":5}},"line":7},"1":{"name":"(anonymous_1)","decl":{"start":{"line":11,"column":14},"end":{"line":11,"column":15}},"loc":{"start":{"line":11,"column":24},"end":{"line":14,"column":9}},"line":11},"2":{"name":"(anonymous_2)","decl":{"start":{"line":15,"column":17},"end":{"line":15,"column":18}},"loc":{"start":{"line":15,"column":26},"end":{"line":18,"column":11}},"line":15},"3":{"name":"(anonymous_3)","decl":{"start":{"line":22,"column":19},"end":{"line":22,"column":20}},"loc":{"start":{"line":22,"column":33},"end":{"line":34,"column":5}},"line":22},"4":{"name":"(anonymous_4)","decl":{"start":{"line":26,"column":14},"end":{"line":26,"column":15}},"loc":{"start":{"line":26,"column":24},"end":{"line":29,"column":9}},"line":26},"5":{"name":"(anonymous_5)","decl":{"start":{"line":30,"column":17},"end":{"line":30,"column":18}},"loc":{"start":{"line":30,"column":26},"end":{"line":33,"column":11}},"line":30},"6":{"name":"(anonymous_6)","decl":{"start":{"line":35,"column":18},"end":{"line":35,"column":19}},"loc":{"start":{"line":35,"column":32},"end":{"line":47,"column":5}},"line":35},"7":{"name":"(anonymous_7)","decl":{"start":{"line":39,"column":14},"end":{"line":39,"column":15}},"loc":{"start":{"line":39,"column":24},"end":{"line":42,"column":9}},"line":39},"8":{"name":"(anonymous_8)","decl":{"start":{"line":43,"column":17},"end":{"line":43,"column":18}},"loc":{"start":{"line":43,"column":26},"end":{"line":46,"column":11}},"line":43},"9":{"name":"(anonymous_9)","decl":{"start":{"line":48,"column":21},"end":{"line":48,"column":22}},"loc":{"start":{"line":48,"column":35},"end":{"line":60,"column":5}},"line":48},"10":{"name":"(anonymous_10)","decl":{"start":{"line":52,"column":14},"end":{"line":52,"column":15}},"loc":{"start":{"line":52,"column":24},"end":{"line":55,"column":9}},"line":52},"11":{"name":"(anonymous_11)","decl":{"start":{"line":56,"column":17},"end":{"line":56,"column":18}},"loc":{"start":{"line":56,"column":26},"end":{"line":59,"column":11}},"line":56},"12":{"name":"(anonymous_12)","decl":{"start":{"line":61,"column":20},"end":{"line":61,"column":21}},"loc":{"start":{"line":61,"column":34},"end":{"line":73,"column":5}},"line":61},"13":{"name":"(anonymous_13)","decl":{"start":{"line":65,"column":14},"end":{"line":65,"column":15}},"loc":{"start":{"line":65,"column":24},"end":{"line":68,"column":9}},"line":65},"14":{"name":"(anonymous_14)","decl":{"start":{"line":69,"column":17},"end":{"line":69,"column":18}},"loc":{"start":{"line":69,"column":26},"end":{"line":72,"column":11}},"line":69},"15":{"name":"(anonymous_15)","decl":{"start":{"line":74,"column":14},"end":{"line":74,"column":15}},"loc":{"start":{"line":74,"column":28},"end":{"line":86,"column":5}},"line":74},"16":{"name":"(anonymous_16)","decl":{"start":{"line":78,"column":14},"end":{"line":78,"column":15}},"loc":{"start":{"line":78,"column":24},"end":{"line":81,"column":9}},"line":78},"17":{"name":"(anonymous_17)","decl":{"start":{"line":82,"column":17},"end":{"line":82,"column":18}},"loc":{"start":{"line":82,"column":26},"end":{"line":85,"column":11}},"line":82},"18":{"name":"(anonymous_18)","decl":{"start":{"line":87,"column":10},"end":{"line":87,"column":11}},"loc":{"start":{"line":87,"column":24},"end":{"line":87,"column":26}},"line":87},"19":{"name":"(anonymous_19)","decl":{"start":{"line":88,"column":11},"end":{"line":88,"column":12}},"loc":{"start":{"line":88,"column":25},"end":{"line":88,"column":27}},"line":88},"20":{"name":"(anonymous_20)","decl":{"start":{"line":91,"column":19},"end":{"line":91,"column":20}},"loc":{"start":{"line":91,"column":33},"end":{"line":103,"column":5}},"line":91},"21":{"name":"(anonymous_21)","decl":{"start":{"line":95,"column":14},"end":{"line":95,"column":15}},"loc":{"start":{"line":95,"column":24},"end":{"line":98,"column":9}},"line":95},"22":{"name":"(anonymous_22)","decl":{"start":{"line":99,"column":17},"end":{"line":99,"column":18}},"loc":{"start":{"line":99,"column":26},"end":{"line":102,"column":11}},"line":99},"23":{"name":"(anonymous_23)","decl":{"start":{"line":104,"column":18},"end":{"line":104,"column":19}},"loc":{"start":{"line":104,"column":32},"end":{"line":116,"column":5}},"line":104},"24":{"name":"(anonymous_24)","decl":{"start":{"line":108,"column":14},"end":{"line":108,"column":15}},"loc":{"start":{"line":108,"column":24},"end":{"line":111,"column":9}},"line":108},"25":{"name":"(anonymous_25)","decl":{"start":{"line":112,"column":17},"end":{"line":112,"column":18}},"loc":{"start":{"line":112,"column":26},"end":{"line":115,"column":11}},"line":112},"26":{"name":"(anonymous_26)","decl":{"start":{"line":117,"column":21},"end":{"line":117,"column":22}},"loc":{"start":{"line":117,"column":35},"end":{"line":129,"column":5}},"line":117},"27":{"name":"(anonymous_27)","decl":{"start":{"line":121,"column":14},"end":{"line":121,"column":15}},"loc":{"start":{"line":121,"column":24},"end":{"line":124,"column":9}},"line":121},"28":{"name":"(anonymous_28)","decl":{"start":{"line":125,"column":17},"end":{"line":125,"column":18}},"loc":{"start":{"line":125,"column":26},"end":{"line":128,"column":11}},"line":125},"29":{"name":"(anonymous_29)","decl":{"start":{"line":130,"column":20},"end":{"line":130,"column":21}},"loc":{"start":{"line":130,"column":34},"end":{"line":142,"column":5}},"line":130},"30":{"name":"(anonymous_30)","decl":{"start":{"line":134,"column":14},"end":{"line":134,"column":15}},"loc":{"start":{"line":134,"column":24},"end":{"line":137,"column":9}},"line":134},"31":{"name":"(anonymous_31)","decl":{"start":{"line":138,"column":17},"end":{"line":138,"column":18}},"loc":{"start":{"line":138,"column":26},"end":{"line":141,"column":11}},"line":138},"32":{"name":"(anonymous_32)","decl":{"start":{"line":143,"column":14},"end":{"line":143,"column":15}},"loc":{"start":{"line":143,"column":28},"end":{"line":155,"column":5}},"line":143},"33":{"name":"(anonymous_33)","decl":{"start":{"line":147,"column":14},"end":{"line":147,"column":15}},"loc":{"start":{"line":147,"column":24},"end":{"line":150,"column":9}},"line":147},"34":{"name":"(anonymous_34)","decl":{"start":{"line":151,"column":17},"end":{"line":151,"column":18}},"loc":{"start":{"line":151,"column":26},"end":{"line":154,"column":11}},"line":151}},"branchMap":{},"s":{"0":1,"1":1,"2":1,"3":1,"4":1,"5":1,"6":1,"7":0,"8":0,"9":2,"10":2,"11":2,"12":2,"13":2,"14":0,"15":0,"16":2,"17":2,"18":2,"19":2,"20":2,"21":0,"22":0,"23":0,"24":0,"25":0,"26":0,"27":0,"28":0,"29":0,"30":0,"31":0,"32":0,"33":0,"34":0,"35":0,"36":0,"37":0,"38":0,"39":0,"40":0,"41":0,"42":0,"43":0,"44":0,"45":0,"46":0,"47":0,"48":0,"49":0,"50":0,"51":0,"52":0,"53":0,"54":0,"55":0,"56":0,"57":0,"58":0,"59":0,"60":0,"61":0,"62":0,"63":0,"64":0,"65":0,"66":0,"67":0,"68":0,"69":0,"70":0,"71":0,"72":0,"73":0,"74":0,"75":0,"76":0,"77":0,"78":0},"f":{"0":1,"1":1,"2":0,"3":2,"4":2,"5":0,"6":2,"7":2,"8":0,"9":0,"10":0,"11":0,"12":0,"13":0,"14":0,"15":0,"16":0,"17":0,"18":0,"19":0,"20":0,"21":0,"22":0,"23":0,"24":0,"25":0,"26":0,"27":0,"28":0,"29":0,"30":0,"31":0,"32":0,"33":0,"34":0},"b":{},"_coverageSchema":"332fd63041d2c1bcb487cc26dd0d5f7d97098a6c","hash":"07c50a3622f34a4d12c25ece2e63199b53ebc3b8"}
,"/Users/rj/Documents/Hack Reactor/reviews-service/server/model/index.js": {"path":"/Users/rj/Documents/Hack Reactor/reviews-service/server/model/index.js","statementMap":{"0":{"start":{"line":3,"column":11},"end":{"line":3,"column":45}},"1":{"start":{"line":5,"column":0},"end":{"line":353,"column":2}},"2":{"start":{"line":8,"column":6},"end":{"line":8,"column":48}},"3":{"start":{"line":9,"column":6},"end":{"line":21,"column":9}},"4":{"start":{"line":10,"column":23},"end":{"line":10,"column":102}},"5":{"start":{"line":12,"column":8},"end":{"line":20,"column":11}},"6":{"start":{"line":13,"column":10},"end":{"line":19,"column":11}},"7":{"start":{"line":14,"column":12},"end":{"line":14,"column":69}},"8":{"start":{"line":15,"column":12},"end":{"line":15,"column":24}},"9":{"start":{"line":17,"column":12},"end":{"line":17,"column":55}},"10":{"start":{"line":18,"column":12},"end":{"line":18,"column":31}},"11":{"start":{"line":28,"column":6},"end":{"line":28,"column":66}},"12":{"start":{"line":29,"column":6},"end":{"line":60,"column":9}},"13":{"start":{"line":30,"column":23},"end":{"line":30,"column":155}},"14":{"start":{"line":32,"column":8},"end":{"line":59,"column":11}},"15":{"start":{"line":33,"column":10},"end":{"line":58,"column":11}},"16":{"start":{"line":34,"column":12},"end":{"line":34,"column":60}},"17":{"start":{"line":35,"column":12},"end":{"line":35,"column":24}},"18":{"start":{"line":38,"column":28},"end":{"line":38,"column":207}},"19":{"start":{"line":42,"column":12},"end":{"line":55,"column":15}},"20":{"start":{"line":43,"column":14},"end":{"line":54,"column":15}},"21":{"start":{"line":44,"column":16},"end":{"line":44,"column":62}},"22":{"start":{"line":45,"column":16},"end":{"line":45,"column":28}},"23":{"start":{"line":49,"column":29},"end":{"line":52,"column":17}},"24":{"start":{"line":53,"column":16},"end":{"line":53,"column":32}},"25":{"start":{"line":65,"column":6},"end":{"line":65,"column":66}},"26":{"start":{"line":66,"column":6},"end":{"line":97,"column":9}},"27":{"start":{"line":67,"column":23},"end":{"line":67,"column":154}},"28":{"start":{"line":69,"column":8},"end":{"line":96,"column":11}},"29":{"start":{"line":70,"column":10},"end":{"line":95,"column":11}},"30":{"start":{"line":71,"column":12},"end":{"line":71,"column":60}},"31":{"start":{"line":72,"column":12},"end":{"line":72,"column":24}},"32":{"start":{"line":75,"column":28},"end":{"line":75,"column":206}},"33":{"start":{"line":79,"column":12},"end":{"line":92,"column":15}},"34":{"start":{"line":80,"column":14},"end":{"line":91,"column":15}},"35":{"start":{"line":81,"column":16},"end":{"line":81,"column":62}},"36":{"start":{"line":82,"column":16},"end":{"line":82,"column":28}},"37":{"start":{"line":86,"column":29},"end":{"line":89,"column":17}},"38":{"start":{"line":90,"column":16},"end":{"line":90,"column":32}},"39":{"start":{"line":102,"column":6},"end":{"line":102,"column":66}},"40":{"start":{"line":103,"column":6},"end":{"line":134,"column":9}},"41":{"start":{"line":104,"column":23},"end":{"line":104,"column":156}},"42":{"start":{"line":106,"column":8},"end":{"line":133,"column":11}},"43":{"start":{"line":107,"column":10},"end":{"line":132,"column":11}},"44":{"start":{"line":108,"column":12},"end":{"line":108,"column":60}},"45":{"start":{"line":109,"column":12},"end":{"line":109,"column":24}},"46":{"start":{"line":112,"column":28},"end":{"line":112,"column":208}},"47":{"start":{"line":116,"column":12},"end":{"line":129,"column":15}},"48":{"start":{"line":117,"column":14},"end":{"line":128,"column":15}},"49":{"start":{"line":118,"column":16},"end":{"line":118,"column":62}},"50":{"start":{"line":119,"column":16},"end":{"line":119,"column":28}},"51":{"start":{"line":123,"column":29},"end":{"line":126,"column":17}},"52":{"start":{"line":127,"column":16},"end":{"line":127,"column":32}},"53":{"start":{"line":139,"column":6},"end":{"line":139,"column":66}},"54":{"start":{"line":140,"column":6},"end":{"line":171,"column":9}},"55":{"start":{"line":141,"column":23},"end":{"line":141,"column":155}},"56":{"start":{"line":143,"column":8},"end":{"line":170,"column":11}},"57":{"start":{"line":144,"column":10},"end":{"line":169,"column":11}},"58":{"start":{"line":145,"column":12},"end":{"line":145,"column":60}},"59":{"start":{"line":146,"column":12},"end":{"line":146,"column":24}},"60":{"start":{"line":149,"column":28},"end":{"line":149,"column":207}},"61":{"start":{"line":153,"column":12},"end":{"line":166,"column":15}},"62":{"start":{"line":154,"column":14},"end":{"line":165,"column":15}},"63":{"start":{"line":155,"column":16},"end":{"line":155,"column":62}},"64":{"start":{"line":156,"column":16},"end":{"line":156,"column":28}},"65":{"start":{"line":160,"column":29},"end":{"line":163,"column":17}},"66":{"start":{"line":164,"column":16},"end":{"line":164,"column":32}},"67":{"start":{"line":176,"column":6},"end":{"line":176,"column":48}},"68":{"start":{"line":177,"column":6},"end":{"line":189,"column":9}},"69":{"start":{"line":178,"column":23},"end":{"line":178,"column":88}},"70":{"start":{"line":180,"column":8},"end":{"line":188,"column":11}},"71":{"start":{"line":181,"column":10},"end":{"line":187,"column":11}},"72":{"start":{"line":182,"column":12},"end":{"line":182,"column":66}},"73":{"start":{"line":183,"column":12},"end":{"line":183,"column":24}},"74":{"start":{"line":185,"column":12},"end":{"line":185,"column":52}},"75":{"start":{"line":186,"column":12},"end":{"line":186,"column":31}},"76":{"start":{"line":192,"column":6},"end":{"line":194,"column":9}},"77":{"start":{"line":193,"column":23},"end":{"line":193,"column":25}},"78":{"start":{"line":197,"column":6},"end":{"line":199,"column":9}},"79":{"start":{"line":198,"column":23},"end":{"line":198,"column":25}},"80":{"start":{"line":205,"column":6},"end":{"line":230,"column":9}},"81":{"start":{"line":206,"column":23},"end":{"line":206,"column":187}},"82":{"start":{"line":209,"column":8},"end":{"line":229,"column":11}},"83":{"start":{"line":210,"column":10},"end":{"line":228,"column":11}},"84":{"start":{"line":211,"column":12},"end":{"line":211,"column":60}},"85":{"start":{"line":212,"column":12},"end":{"line":212,"column":24}},"86":{"start":{"line":214,"column":28},"end":{"line":214,"column":239}},"87":{"start":{"line":216,"column":12},"end":{"line":227,"column":15}},"88":{"start":{"line":217,"column":14},"end":{"line":226,"column":15}},"89":{"start":{"line":218,"column":16},"end":{"line":218,"column":62}},"90":{"start":{"line":219,"column":16},"end":{"line":219,"column":28}},"91":{"start":{"line":221,"column":29},"end":{"line":224,"column":17}},"92":{"start":{"line":225,"column":16},"end":{"line":225,"column":32}},"93":{"start":{"line":233,"column":6},"end":{"line":258,"column":9}},"94":{"start":{"line":234,"column":23},"end":{"line":234,"column":186}},"95":{"start":{"line":237,"column":8},"end":{"line":257,"column":11}},"96":{"start":{"line":238,"column":10},"end":{"line":256,"column":11}},"97":{"start":{"line":239,"column":12},"end":{"line":239,"column":60}},"98":{"start":{"line":240,"column":12},"end":{"line":240,"column":24}},"99":{"start":{"line":242,"column":28},"end":{"line":242,"column":238}},"100":{"start":{"line":244,"column":12},"end":{"line":255,"column":15}},"101":{"start":{"line":245,"column":14},"end":{"line":254,"column":15}},"102":{"start":{"line":246,"column":16},"end":{"line":246,"column":62}},"103":{"start":{"line":247,"column":16},"end":{"line":247,"column":28}},"104":{"start":{"line":249,"column":29},"end":{"line":252,"column":17}},"105":{"start":{"line":253,"column":16},"end":{"line":253,"column":32}},"106":{"start":{"line":263,"column":6},"end":{"line":263,"column":66}},"107":{"start":{"line":264,"column":6},"end":{"line":295,"column":9}},"108":{"start":{"line":265,"column":23},"end":{"line":265,"column":188}},"109":{"start":{"line":267,"column":8},"end":{"line":294,"column":11}},"110":{"start":{"line":268,"column":10},"end":{"line":293,"column":11}},"111":{"start":{"line":269,"column":12},"end":{"line":269,"column":60}},"112":{"start":{"line":270,"column":12},"end":{"line":270,"column":24}},"113":{"start":{"line":273,"column":28},"end":{"line":273,"column":240}},"114":{"start":{"line":277,"column":12},"end":{"line":290,"column":15}},"115":{"start":{"line":278,"column":14},"end":{"line":289,"column":15}},"116":{"start":{"line":279,"column":16},"end":{"line":279,"column":62}},"117":{"start":{"line":280,"column":16},"end":{"line":280,"column":28}},"118":{"start":{"line":284,"column":29},"end":{"line":287,"column":17}},"119":{"start":{"line":288,"column":16},"end":{"line":288,"column":32}},"120":{"start":{"line":300,"column":6},"end":{"line":300,"column":66}},"121":{"start":{"line":301,"column":6},"end":{"line":332,"column":9}},"122":{"start":{"line":302,"column":23},"end":{"line":302,"column":187}},"123":{"start":{"line":304,"column":8},"end":{"line":331,"column":11}},"124":{"start":{"line":305,"column":10},"end":{"line":330,"column":11}},"125":{"start":{"line":306,"column":12},"end":{"line":306,"column":60}},"126":{"start":{"line":307,"column":12},"end":{"line":307,"column":24}},"127":{"start":{"line":310,"column":28},"end":{"line":310,"column":239}},"128":{"start":{"line":314,"column":12},"end":{"line":327,"column":15}},"129":{"start":{"line":315,"column":14},"end":{"line":326,"column":15}},"130":{"start":{"line":316,"column":16},"end":{"line":316,"column":62}},"131":{"start":{"line":317,"column":16},"end":{"line":317,"column":28}},"132":{"start":{"line":321,"column":29},"end":{"line":324,"column":17}},"133":{"start":{"line":325,"column":16},"end":{"line":325,"column":32}},"134":{"start":{"line":337,"column":6},"end":{"line":337,"column":48}},"135":{"start":{"line":338,"column":6},"end":{"line":350,"column":9}},"136":{"start":{"line":339,"column":23},"end":{"line":339,"column":120}},"137":{"start":{"line":341,"column":8},"end":{"line":349,"column":11}},"138":{"start":{"line":342,"column":10},"end":{"line":348,"column":11}},"139":{"start":{"line":343,"column":12},"end":{"line":343,"column":66}},"140":{"start":{"line":344,"column":12},"end":{"line":344,"column":24}},"141":{"start":{"line":346,"column":12},"end":{"line":346,"column":52}},"142":{"start":{"line":347,"column":12},"end":{"line":347,"column":31}}},"fnMap":{"0":{"name":"(anonymous_0)","decl":{"start":{"line":7,"column":9},"end":{"line":7,"column":10}},"loc":{"start":{"line":7,"column":17},"end":{"line":22,"column":5}},"line":7},"1":{"name":"(anonymous_1)","decl":{"start":{"line":9,"column":25},"end":{"line":9,"column":26}},"loc":{"start":{"line":9,"column":46},"end":{"line":21,"column":7}},"line":9},"2":{"name":"(anonymous_2)","decl":{"start":{"line":12,"column":27},"end":{"line":12,"column":28}},"loc":{"start":{"line":12,"column":42},"end":{"line":20,"column":9}},"line":12},"3":{"name":"(anonymous_3)","decl":{"start":{"line":25,"column":19},"end":{"line":25,"column":20}},"loc":{"start":{"line":25,"column":33},"end":{"line":61,"column":5}},"line":25},"4":{"name":"(anonymous_4)","decl":{"start":{"line":29,"column":25},"end":{"line":29,"column":26}},"loc":{"start":{"line":29,"column":46},"end":{"line":60,"column":7}},"line":29},"5":{"name":"(anonymous_5)","decl":{"start":{"line":32,"column":27},"end":{"line":32,"column":28}},"loc":{"start":{"line":32,"column":48},"end":{"line":59,"column":9}},"line":32},"6":{"name":"(anonymous_6)","decl":{"start":{"line":42,"column":32},"end":{"line":42,"column":33}},"loc":{"start":{"line":42,"column":51},"end":{"line":55,"column":13}},"line":42},"7":{"name":"(anonymous_7)","decl":{"start":{"line":62,"column":18},"end":{"line":62,"column":19}},"loc":{"start":{"line":62,"column":32},"end":{"line":98,"column":5}},"line":62},"8":{"name":"(anonymous_8)","decl":{"start":{"line":66,"column":25},"end":{"line":66,"column":26}},"loc":{"start":{"line":66,"column":46},"end":{"line":97,"column":7}},"line":66},"9":{"name":"(anonymous_9)","decl":{"start":{"line":69,"column":27},"end":{"line":69,"column":28}},"loc":{"start":{"line":69,"column":48},"end":{"line":96,"column":9}},"line":69},"10":{"name":"(anonymous_10)","decl":{"start":{"line":79,"column":32},"end":{"line":79,"column":33}},"loc":{"start":{"line":79,"column":51},"end":{"line":92,"column":13}},"line":79},"11":{"name":"(anonymous_11)","decl":{"start":{"line":99,"column":21},"end":{"line":99,"column":22}},"loc":{"start":{"line":99,"column":35},"end":{"line":135,"column":5}},"line":99},"12":{"name":"(anonymous_12)","decl":{"start":{"line":103,"column":25},"end":{"line":103,"column":26}},"loc":{"start":{"line":103,"column":46},"end":{"line":134,"column":7}},"line":103},"13":{"name":"(anonymous_13)","decl":{"start":{"line":106,"column":27},"end":{"line":106,"column":28}},"loc":{"start":{"line":106,"column":48},"end":{"line":133,"column":9}},"line":106},"14":{"name":"(anonymous_14)","decl":{"start":{"line":116,"column":32},"end":{"line":116,"column":33}},"loc":{"start":{"line":116,"column":51},"end":{"line":129,"column":13}},"line":116},"15":{"name":"(anonymous_15)","decl":{"start":{"line":136,"column":20},"end":{"line":136,"column":21}},"loc":{"start":{"line":136,"column":34},"end":{"line":172,"column":5}},"line":136},"16":{"name":"(anonymous_16)","decl":{"start":{"line":140,"column":25},"end":{"line":140,"column":26}},"loc":{"start":{"line":140,"column":46},"end":{"line":171,"column":7}},"line":140},"17":{"name":"(anonymous_17)","decl":{"start":{"line":143,"column":27},"end":{"line":143,"column":28}},"loc":{"start":{"line":143,"column":48},"end":{"line":170,"column":9}},"line":143},"18":{"name":"(anonymous_18)","decl":{"start":{"line":153,"column":32},"end":{"line":153,"column":33}},"loc":{"start":{"line":153,"column":51},"end":{"line":166,"column":13}},"line":153},"19":{"name":"(anonymous_19)","decl":{"start":{"line":173,"column":14},"end":{"line":173,"column":15}},"loc":{"start":{"line":173,"column":22},"end":{"line":190,"column":5}},"line":173},"20":{"name":"(anonymous_20)","decl":{"start":{"line":177,"column":25},"end":{"line":177,"column":26}},"loc":{"start":{"line":177,"column":46},"end":{"line":189,"column":7}},"line":177},"21":{"name":"(anonymous_21)","decl":{"start":{"line":180,"column":27},"end":{"line":180,"column":28}},"loc":{"start":{"line":180,"column":42},"end":{"line":188,"column":9}},"line":180},"22":{"name":"(anonymous_22)","decl":{"start":{"line":191,"column":10},"end":{"line":191,"column":11}},"loc":{"start":{"line":191,"column":22},"end":{"line":195,"column":5}},"line":191},"23":{"name":"(anonymous_23)","decl":{"start":{"line":192,"column":25},"end":{"line":192,"column":26}},"loc":{"start":{"line":192,"column":46},"end":{"line":194,"column":7}},"line":192},"24":{"name":"(anonymous_24)","decl":{"start":{"line":196,"column":11},"end":{"line":196,"column":12}},"loc":{"start":{"line":196,"column":27},"end":{"line":200,"column":5}},"line":196},"25":{"name":"(anonymous_25)","decl":{"start":{"line":197,"column":25},"end":{"line":197,"column":26}},"loc":{"start":{"line":197,"column":46},"end":{"line":199,"column":7}},"line":197},"26":{"name":"(anonymous_26)","decl":{"start":{"line":204,"column":19},"end":{"line":204,"column":20}},"loc":{"start":{"line":204,"column":45},"end":{"line":231,"column":5}},"line":204},"27":{"name":"(anonymous_27)","decl":{"start":{"line":205,"column":25},"end":{"line":205,"column":26}},"loc":{"start":{"line":205,"column":46},"end":{"line":230,"column":7}},"line":205},"28":{"name":"(anonymous_28)","decl":{"start":{"line":209,"column":27},"end":{"line":209,"column":28}},"loc":{"start":{"line":209,"column":48},"end":{"line":229,"column":9}},"line":209},"29":{"name":"(anonymous_29)","decl":{"start":{"line":216,"column":32},"end":{"line":216,"column":33}},"loc":{"start":{"line":216,"column":51},"end":{"line":227,"column":13}},"line":216},"30":{"name":"(anonymous_30)","decl":{"start":{"line":232,"column":17},"end":{"line":232,"column":18}},"loc":{"start":{"line":232,"column":43},"end":{"line":259,"column":5}},"line":232},"31":{"name":"(anonymous_31)","decl":{"start":{"line":233,"column":25},"end":{"line":233,"column":26}},"loc":{"start":{"line":233,"column":46},"end":{"line":258,"column":7}},"line":233},"32":{"name":"(anonymous_32)","decl":{"start":{"line":237,"column":27},"end":{"line":237,"column":28}},"loc":{"start":{"line":237,"column":48},"end":{"line":257,"column":9}},"line":237},"33":{"name":"(anonymous_33)","decl":{"start":{"line":244,"column":32},"end":{"line":244,"column":33}},"loc":{"start":{"line":244,"column":51},"end":{"line":255,"column":13}},"line":244},"34":{"name":"(anonymous_34)","decl":{"start":{"line":260,"column":21},"end":{"line":260,"column":22}},"loc":{"start":{"line":260,"column":47},"end":{"line":296,"column":5}},"line":260},"35":{"name":"(anonymous_35)","decl":{"start":{"line":264,"column":25},"end":{"line":264,"column":26}},"loc":{"start":{"line":264,"column":46},"end":{"line":295,"column":7}},"line":264},"36":{"name":"(anonymous_36)","decl":{"start":{"line":267,"column":27},"end":{"line":267,"column":28}},"loc":{"start":{"line":267,"column":48},"end":{"line":294,"column":9}},"line":267},"37":{"name":"(anonymous_37)","decl":{"start":{"line":277,"column":32},"end":{"line":277,"column":33}},"loc":{"start":{"line":277,"column":51},"end":{"line":290,"column":13}},"line":277},"38":{"name":"(anonymous_38)","decl":{"start":{"line":297,"column":20},"end":{"line":297,"column":21}},"loc":{"start":{"line":297,"column":46},"end":{"line":333,"column":5}},"line":297},"39":{"name":"(anonymous_39)","decl":{"start":{"line":301,"column":25},"end":{"line":301,"column":26}},"loc":{"start":{"line":301,"column":46},"end":{"line":332,"column":7}},"line":301},"40":{"name":"(anonymous_40)","decl":{"start":{"line":304,"column":27},"end":{"line":304,"column":28}},"loc":{"start":{"line":304,"column":48},"end":{"line":331,"column":9}},"line":304},"41":{"name":"(anonymous_41)","decl":{"start":{"line":314,"column":32},"end":{"line":314,"column":33}},"loc":{"start":{"line":314,"column":51},"end":{"line":327,"column":13}},"line":314},"42":{"name":"(anonymous_42)","decl":{"start":{"line":334,"column":14},"end":{"line":334,"column":15}},"loc":{"start":{"line":334,"column":34},"end":{"line":351,"column":5}},"line":334},"43":{"name":"(anonymous_43)","decl":{"start":{"line":338,"column":25},"end":{"line":338,"column":26}},"loc":{"start":{"line":338,"column":46},"end":{"line":350,"column":7}},"line":338},"44":{"name":"(anonymous_44)","decl":{"start":{"line":341,"column":27},"end":{"line":341,"column":28}},"loc":{"start":{"line":341,"column":42},"end":{"line":349,"column":9}},"line":341}},"branchMap":{"0":{"loc":{"start":{"line":13,"column":10},"end":{"line":19,"column":11}},"type":"if","locations":[{"start":{"line":13,"column":10},"end":{"line":19,"column":11}},{"start":{"line":13,"column":10},"end":{"line":19,"column":11}}],"line":13},"1":{"loc":{"start":{"line":33,"column":10},"end":{"line":58,"column":11}},"type":"if","locations":[{"start":{"line":33,"column":10},"end":{"line":58,"column":11}},{"start":{"line":33,"column":10},"end":{"line":58,"column":11}}],"line":33},"2":{"loc":{"start":{"line":43,"column":14},"end":{"line":54,"column":15}},"type":"if","locations":[{"start":{"line":43,"column":14},"end":{"line":54,"column":15}},{"start":{"line":43,"column":14},"end":{"line":54,"column":15}}],"line":43},"3":{"loc":{"start":{"line":70,"column":10},"end":{"line":95,"column":11}},"type":"if","locations":[{"start":{"line":70,"column":10},"end":{"line":95,"column":11}},{"start":{"line":70,"column":10},"end":{"line":95,"column":11}}],"line":70},"4":{"loc":{"start":{"line":80,"column":14},"end":{"line":91,"column":15}},"type":"if","locations":[{"start":{"line":80,"column":14},"end":{"line":91,"column":15}},{"start":{"line":80,"column":14},"end":{"line":91,"column":15}}],"line":80},"5":{"loc":{"start":{"line":107,"column":10},"end":{"line":132,"column":11}},"type":"if","locations":[{"start":{"line":107,"column":10},"end":{"line":132,"column":11}},{"start":{"line":107,"column":10},"end":{"line":132,"column":11}}],"line":107},"6":{"loc":{"start":{"line":117,"column":14},"end":{"line":128,"column":15}},"type":"if","locations":[{"start":{"line":117,"column":14},"end":{"line":128,"column":15}},{"start":{"line":117,"column":14},"end":{"line":128,"column":15}}],"line":117},"7":{"loc":{"start":{"line":144,"column":10},"end":{"line":169,"column":11}},"type":"if","locations":[{"start":{"line":144,"column":10},"end":{"line":169,"column":11}},{"start":{"line":144,"column":10},"end":{"line":169,"column":11}}],"line":144},"8":{"loc":{"start":{"line":154,"column":14},"end":{"line":165,"column":15}},"type":"if","locations":[{"start":{"line":154,"column":14},"end":{"line":165,"column":15}},{"start":{"line":154,"column":14},"end":{"line":165,"column":15}}],"line":154},"9":{"loc":{"start":{"line":181,"column":10},"end":{"line":187,"column":11}},"type":"if","locations":[{"start":{"line":181,"column":10},"end":{"line":187,"column":11}},{"start":{"line":181,"column":10},"end":{"line":187,"column":11}}],"line":181},"10":{"loc":{"start":{"line":210,"column":10},"end":{"line":228,"column":11}},"type":"if","locations":[{"start":{"line":210,"column":10},"end":{"line":228,"column":11}},{"start":{"line":210,"column":10},"end":{"line":228,"column":11}}],"line":210},"11":{"loc":{"start":{"line":217,"column":14},"end":{"line":226,"column":15}},"type":"if","locations":[{"start":{"line":217,"column":14},"end":{"line":226,"column":15}},{"start":{"line":217,"column":14},"end":{"line":226,"column":15}}],"line":217},"12":{"loc":{"start":{"line":238,"column":10},"end":{"line":256,"column":11}},"type":"if","locations":[{"start":{"line":238,"column":10},"end":{"line":256,"column":11}},{"start":{"line":238,"column":10},"end":{"line":256,"column":11}}],"line":238},"13":{"loc":{"start":{"line":245,"column":14},"end":{"line":254,"column":15}},"type":"if","locations":[{"start":{"line":245,"column":14},"end":{"line":254,"column":15}},{"start":{"line":245,"column":14},"end":{"line":254,"column":15}}],"line":245},"14":{"loc":{"start":{"line":268,"column":10},"end":{"line":293,"column":11}},"type":"if","locations":[{"start":{"line":268,"column":10},"end":{"line":293,"column":11}},{"start":{"line":268,"column":10},"end":{"line":293,"column":11}}],"line":268},"15":{"loc":{"start":{"line":278,"column":14},"end":{"line":289,"column":15}},"type":"if","locations":[{"start":{"line":278,"column":14},"end":{"line":289,"column":15}},{"start":{"line":278,"column":14},"end":{"line":289,"column":15}}],"line":278},"16":{"loc":{"start":{"line":305,"column":10},"end":{"line":330,"column":11}},"type":"if","locations":[{"start":{"line":305,"column":10},"end":{"line":330,"column":11}},{"start":{"line":305,"column":10},"end":{"line":330,"column":11}}],"line":305},"17":{"loc":{"start":{"line":315,"column":14},"end":{"line":326,"column":15}},"type":"if","locations":[{"start":{"line":315,"column":14},"end":{"line":326,"column":15}},{"start":{"line":315,"column":14},"end":{"line":326,"column":15}}],"line":315},"18":{"loc":{"start":{"line":342,"column":10},"end":{"line":348,"column":11}},"type":"if","locations":[{"start":{"line":342,"column":10},"end":{"line":348,"column":11}},{"start":{"line":342,"column":10},"end":{"line":348,"column":11}}],"line":342}},"s":{"0":1,"1":1,"2":1,"3":1,"4":1,"5":1,"6":1,"7":0,"8":0,"9":1,"10":1,"11":2,"12":2,"13":2,"14":2,"15":2,"16":0,"17":0,"18":2,"19":2,"20":2,"21":0,"22":0,"23":2,"24":2,"25":2,"26":2,"27":2,"28":2,"29":2,"30":0,"31":0,"32":2,"33":2,"34":2,"35":0,"36":0,"37":2,"38":2,"39":0,"40":0,"41":0,"42":0,"43":0,"44":0,"45":0,"46":0,"47":0,"48":0,"49":0,"50":0,"51":0,"52":0,"53":0,"54":0,"55":0,"56":0,"57":0,"58":0,"59":0,"60":0,"61":0,"62":0,"63":0,"64":0,"65":0,"66":0,"67":0,"68":0,"69":0,"70":0,"71":0,"72":0,"73":0,"74":0,"75":0,"76":0,"77":0,"78":0,"79":0,"80":0,"81":0,"82":0,"83":0,"84":0,"85":0,"86":0,"87":0,"88":0,"89":0,"90":0,"91":0,"92":0,"93":0,"94":0,"95":0,"96":0,"97":0,"98":0,"99":0,"100":0,"101":0,"102":0,"103":0,"104":0,"105":0,"106":0,"107":0,"108":0,"109":0,"110":0,"111":0,"112":0,"113":0,"114":0,"115":0,"116":0,"117":0,"118":0,"119":0,"120":0,"121":0,"122":0,"123":0,"124":0,"125":0,"126":0,"127":0,"128":0,"129":0,"130":0,"131":0,"132":0,"133":0,"134":0,"135":0,"136":0,"137":0,"138":0,"139":0,"140":0,"141":0,"142":0},"f":{"0":1,"1":1,"2":1,"3":2,"4":2,"5":2,"6":2,"7":2,"8":2,"9":2,"10":2,"11":0,"12":0,"13":0,"14":0,"15":0,"16":0,"17":0,"18":0,"19":0,"20":0,"21":0,"22":0,"23":0,"24":0,"25":0,"26":0,"27":0,"28":0,"29":0,"30":0,"31":0,"32":0,"33":0,"34":0,"35":0,"36":0,"37":0,"38":0,"39":0,"40":0,"41":0,"42":0,"43":0,"44":0},"b":{"0":[0,1],"1":[0,2],"2":[0,2],"3":[0,2],"4":[0,2],"5":[0,0],"6":[0,0],"7":[0,0],"8":[0,0],"9":[0,0],"10":[0,0],"11":[0,0],"12":[0,0],"13":[0,0],"14":[0,0],"15":[0,0],"16":[0,0],"17":[0,0],"18":[0,0]},"_coverageSchema":"332fd63041d2c1bcb487cc26dd0d5f7d97098a6c","hash":"405b3371e6f72b557aed2dca3ea0daadf72aa70c"}
}
