TN:
SF:/Users/rj/Documents/Hack Reactor/hrsf92-fec-foodees/reviews-service/jestsetup.js
FNF:0
FNH:0
DA:4,2
DA:5,2
DA:7,2
LF:3
LH:3
BRF:0
BRH:0
end_of_record
TN:
SF:/Users/rj/Documents/Hack Reactor/hrsf92-fec-foodees/reviews-service/client/src/app.jsx
FN:11,(anonymous_0)
FN:29,(anonymous_1)
FN:35,(anonymous_2)
FN:39,(anonymous_3)
FN:45,(anonymous_4)
FN:52,(anonymous_5)
FN:58,(anonymous_6)
FN:63,(anonymous_7)
FN:72,(anonymous_8)
FN:78,(anonymous_9)
FN:93,(anonymous_10)
FN:99,(anonymous_11)
FN:105,(anonymous_12)
FN:115,(anonymous_13)
FN:123,(anonymous_14)
FN:135,(anonymous_15)
FN:143,(anonymous_16)
FN:149,(anonymous_17)
FN:153,(anonymous_18)
FN:167,(anonymous_19)
FN:189,(anonymous_20)
FN:195,(anonymous_21)
FN:201,(anonymous_22)
FN:207,(anonymous_23)
FN:213,(anonymous_24)
FNF:25
FNH:8
FNDA:2,(anonymous_0)
FNDA:2,(anonymous_1)
FNDA:0,(anonymous_2)
FNDA:0,(anonymous_3)
FNDA:2,(anonymous_4)
FNDA:0,(anonymous_5)
FNDA:0,(anonymous_6)
FNDA:2,(anonymous_7)
FNDA:0,(anonymous_8)
FNDA:0,(anonymous_9)
FNDA:0,(anonymous_10)
FNDA:0,(anonymous_11)
FNDA:3,(anonymous_12)
FNDA:0,(anonymous_13)
FNDA:0,(anonymous_14)
FNDA:0,(anonymous_15)
FNDA:0,(anonymous_16)
FNDA:1,(anonymous_17)
FNDA:1,(anonymous_18)
FNDA:3,(anonymous_19)
FNDA:0,(anonymous_20)
FNDA:0,(anonymous_21)
FNDA:0,(anonymous_22)
FNDA:0,(anonymous_23)
FNDA:0,(anonymous_24)
DA:12,2
DA:13,2
DA:30,2
DA:31,2
DA:32,2
DA:36,0
DA:41,0
DA:42,0
DA:46,2
DA:53,0
DA:54,0
DA:59,0
DA:65,2
DA:66,2
DA:73,0
DA:74,0
DA:79,0
DA:82,0
DA:86,0
DA:94,0
DA:95,0
DA:100,0
DA:107,3
DA:108,3
DA:116,0
DA:118,0
DA:124,0
DA:127,0
DA:136,0
DA:138,0
DA:144,0
DA:150,1
DA:154,1
DA:155,1
DA:156,0
DA:157,1
DA:158,1
DA:159,0
DA:160,0
DA:161,0
DA:162,0
DA:172,3
DA:190,0
DA:191,0
DA:193,0
DA:196,0
DA:198,0
DA:199,0
DA:202,0
DA:204,0
DA:205,0
DA:208,0
DA:210,0
DA:211,0
DA:214,0
LF:55
LH:16
BRDA:63,0,0,2
BRDA:65,1,0,2
BRDA:65,1,1,0
BRDA:105,2,0,2
BRDA:105,3,0,2
BRDA:107,4,0,3
BRDA:107,4,1,0
BRDA:155,5,0,0
BRDA:155,5,1,1
BRDA:157,6,0,1
BRDA:157,6,1,0
BRDA:159,7,0,0
BRDA:159,7,1,0
BRDA:161,8,0,0
BRDA:161,8,1,0
BRDA:191,9,0,0
BRDA:191,9,1,0
BRDA:198,10,0,0
BRDA:198,10,1,0
BRDA:204,11,0,0
BRDA:204,11,1,0
BRDA:210,12,0,0
BRDA:210,12,1,0
BRF:23
BRH:7
end_of_record
TN:
SF:/Users/rj/Documents/Hack Reactor/hrsf92-fec-foodees/reviews-service/client/src/components/ReviewList.jsx
FN:5,(anonymous_0)
FN:7,(anonymous_1)
FNF:2
FNH:2
FNDA:4,(anonymous_0)
FNDA:10,(anonymous_1)
DA:5,1
DA:6,4
DA:8,10
DA:9,55
DA:10,10
LF:5
LH:5
BRDA:9,0,0,10
BRDA:9,0,1,45
BRF:2
BRH:2
end_of_record
TN:
SF:/Users/rj/Documents/Hack Reactor/hrsf92-fec-foodees/reviews-service/client/src/components/ReviewListEntry.jsx
FN:8,(anonymous_0)
FN:14,(anonymous_1)
FNF:2
FNH:2
FNDA:1,(anonymous_0)
FNDA:1,(anonymous_1)
DA:8,1
DA:10,1
DA:12,1
DA:13,1
DA:14,1
DA:15,1
DA:20,1
LF:7
LH:7
BRDA:10,0,0,1
BRDA:10,0,1,0
BRF:2
BRH:1
end_of_record
TN:
SF:/Users/rj/Documents/Hack Reactor/hrsf92-fec-foodees/reviews-service/client/src/components/ReviewSearch.jsx
FN:3,(anonymous_0)
FNF:1
FNH:1
FNDA:4,(anonymous_0)
DA:3,1
DA:4,4
LF:2
LH:2
BRF:0
BRH:0
end_of_record
TN:
SF:/Users/rj/Documents/Hack Reactor/hrsf92-fec-foodees/reviews-service/database/index.js
FNF:0
FNH:0
DA:3,1
DA:4,1
DA:6,1
DA:8,1
DA:10,1
LF:5
LH:5
BRDA:4,0,0,1
BRDA:4,0,1,1
BRF:2
BRH:2
end_of_record
TN:
SF:/Users/rj/Documents/Hack Reactor/hrsf92-fec-foodees/reviews-service/server/app.js
FNF:0
FNH:0
DA:3,1
DA:5,1
DA:7,1
DA:8,1
DA:11,1
DA:12,1
DA:13,1
DA:16,1
DA:18,1
DA:19,1
DA:20,1
DA:21,1
DA:24,1
DA:26,1
DA:29,1
DA:30,0
DA:31,0
DA:34,1
LF:18
LH:16
BRDA:29,0,0,0
BRDA:29,0,1,1
BRF:2
BRH:1
end_of_record
TN:
SF:/Users/rj/Documents/Hack Reactor/hrsf92-fec-foodees/reviews-service/server/routes.js
FNF:0
FNH:0
DA:1,1
DA:2,1
DA:5,1
DA:7,1
DA:9,1
DA:11,1
DA:13,1
DA:15,1
DA:17,1
DA:19,1
DA:21,1
DA:23,1
DA:25,1
DA:27,1
DA:29,1
DA:33,1
LF:16
LH:16
BRF:0
BRH:0
end_of_record
TN:
SF:/Users/rj/Documents/Hack Reactor/hrsf92-fec-foodees/reviews-service/server/controller/index.js
FN:7,(anonymous_0)
FN:11,(anonymous_1)
FN:15,(anonymous_2)
FN:22,(anonymous_3)
FN:26,(anonymous_4)
FN:30,(anonymous_5)
FN:35,(anonymous_6)
FN:39,(anonymous_7)
FN:43,(anonymous_8)
FN:48,(anonymous_9)
FN:52,(anonymous_10)
FN:56,(anonymous_11)
FN:61,(anonymous_12)
FN:65,(anonymous_13)
FN:69,(anonymous_14)
FN:74,(anonymous_15)
FN:78,(anonymous_16)
FN:82,(anonymous_17)
FN:87,(anonymous_18)
FN:88,(anonymous_19)
FN:91,(anonymous_20)
FN:95,(anonymous_21)
FN:99,(anonymous_22)
FN:104,(anonymous_23)
FN:108,(anonymous_24)
FN:112,(anonymous_25)
FN:117,(anonymous_26)
FN:121,(anonymous_27)
FN:125,(anonymous_28)
FN:130,(anonymous_29)
FN:134,(anonymous_30)
FN:138,(anonymous_31)
FN:143,(anonymous_32)
FN:147,(anonymous_33)
FN:151,(anonymous_34)
FNF:35
FNH:20
FNDA:1,(anonymous_0)
FNDA:1,(anonymous_1)
FNDA:0,(anonymous_2)
FNDA:2,(anonymous_3)
FNDA:2,(anonymous_4)
FNDA:0,(anonymous_5)
FNDA:2,(anonymous_6)
FNDA:2,(anonymous_7)
FNDA:0,(anonymous_8)
FNDA:2,(anonymous_9)
FNDA:2,(anonymous_10)
FNDA:0,(anonymous_11)
FNDA:2,(anonymous_12)
FNDA:2,(anonymous_13)
FNDA:0,(anonymous_14)
FNDA:1,(anonymous_15)
FNDA:1,(anonymous_16)
FNDA:0,(anonymous_17)
FNDA:0,(anonymous_18)
FNDA:0,(anonymous_19)
FNDA:2,(anonymous_20)
FNDA:2,(anonymous_21)
FNDA:0,(anonymous_22)
FNDA:2,(anonymous_23)
FNDA:2,(anonymous_24)
FNDA:0,(anonymous_25)
FNDA:2,(anonymous_26)
FNDA:2,(anonymous_27)
FNDA:0,(anonymous_28)
FNDA:2,(anonymous_29)
FNDA:2,(anonymous_30)
FNDA:0,(anonymous_31)
FNDA:0,(anonymous_32)
FNDA:0,(anonymous_33)
FNDA:0,(anonymous_34)
DA:3,1
DA:5,1
DA:8,1
DA:9,1
DA:10,1
DA:12,1
DA:13,1
DA:16,0
DA:17,0
DA:23,2
DA:24,2
DA:25,2
DA:27,2
DA:28,2
DA:31,0
DA:32,0
DA:36,2
DA:37,2
DA:38,2
DA:40,2
DA:41,2
DA:44,0
DA:45,0
DA:49,2
DA:50,2
DA:51,2
DA:53,2
DA:54,2
DA:57,0
DA:58,0
DA:62,2
DA:63,2
DA:64,2
DA:66,2
DA:67,2
DA:70,0
DA:71,0
DA:75,1
DA:76,1
DA:77,1
DA:79,1
DA:80,1
DA:83,0
DA:84,0
DA:92,2
DA:93,2
DA:94,2
DA:96,2
DA:97,2
DA:100,0
DA:101,0
DA:105,2
DA:106,2
DA:107,2
DA:109,2
DA:110,2
DA:113,0
DA:114,0
DA:118,2
DA:119,2
DA:120,2
DA:122,2
DA:123,2
DA:126,0
DA:127,0
DA:131,2
DA:132,2
DA:133,2
DA:135,2
DA:136,2
DA:139,0
DA:140,0
DA:144,0
DA:145,0
DA:146,0
DA:148,0
DA:149,0
DA:152,0
DA:153,0
LF:79
LH:52
BRF:0
BRH:0
end_of_record
TN:
SF:/Users/rj/Documents/Hack Reactor/hrsf92-fec-foodees/reviews-service/server/model/index.js
FN:7,(anonymous_0)
FN:9,(anonymous_1)
FN:12,(anonymous_2)
FN:25,(anonymous_3)
FN:29,(anonymous_4)
FN:32,(anonymous_5)
FN:42,(anonymous_6)
FN:62,(anonymous_7)
FN:66,(anonymous_8)
FN:69,(anonymous_9)
FN:79,(anonymous_10)
FN:99,(anonymous_11)
FN:103,(anonymous_12)
FN:106,(anonymous_13)
FN:116,(anonymous_14)
FN:136,(anonymous_15)
FN:140,(anonymous_16)
FN:143,(anonymous_17)
FN:153,(anonymous_18)
FN:173,(anonymous_19)
FN:177,(anonymous_20)
FN:180,(anonymous_21)
FN:191,(anonymous_22)
FN:192,(anonymous_23)
FN:196,(anonymous_24)
FN:197,(anonymous_25)
FN:204,(anonymous_26)
FN:205,(anonymous_27)
FN:209,(anonymous_28)
FN:216,(anonymous_29)
FN:232,(anonymous_30)
FN:233,(anonymous_31)
FN:237,(anonymous_32)
FN:244,(anonymous_33)
FN:260,(anonymous_34)
FN:264,(anonymous_35)
FN:267,(anonymous_36)
FN:277,(anonymous_37)
FN:297,(anonymous_38)
FN:301,(anonymous_39)
FN:304,(anonymous_40)
FN:314,(anonymous_41)
FN:334,(anonymous_42)
FN:338,(anonymous_43)
FN:341,(anonymous_44)
FNF:45
FNH:34
FNDA:1,(anonymous_0)
FNDA:1,(anonymous_1)
FNDA:1,(anonymous_2)
FNDA:2,(anonymous_3)
FNDA:2,(anonymous_4)
FNDA:2,(anonymous_5)
FNDA:2,(anonymous_6)
FNDA:2,(anonymous_7)
FNDA:2,(anonymous_8)
FNDA:2,(anonymous_9)
FNDA:2,(anonymous_10)
FNDA:2,(anonymous_11)
FNDA:2,(anonymous_12)
FNDA:2,(anonymous_13)
FNDA:2,(anonymous_14)
FNDA:4,(anonymous_15)
FNDA:4,(anonymous_16)
FNDA:4,(anonymous_17)
FNDA:4,(anonymous_18)
FNDA:1,(anonymous_19)
FNDA:1,(anonymous_20)
FNDA:1,(anonymous_21)
FNDA:0,(anonymous_22)
FNDA:0,(anonymous_23)
FNDA:0,(anonymous_24)
FNDA:0,(anonymous_25)
FNDA:2,(anonymous_26)
FNDA:2,(anonymous_27)
FNDA:2,(anonymous_28)
FNDA:2,(anonymous_29)
FNDA:2,(anonymous_30)
FNDA:2,(anonymous_31)
FNDA:2,(anonymous_32)
FNDA:2,(anonymous_33)
FNDA:2,(anonymous_34)
FNDA:2,(anonymous_35)
FNDA:2,(anonymous_36)
FNDA:2,(anonymous_37)
FNDA:0,(anonymous_38)
FNDA:0,(anonymous_39)
FNDA:0,(anonymous_40)
FNDA:0,(anonymous_41)
FNDA:0,(anonymous_42)
FNDA:0,(anonymous_43)
FNDA:0,(anonymous_44)
DA:3,1
DA:5,1
DA:8,1
DA:9,1
DA:10,1
DA:12,1
DA:13,1
DA:14,0
DA:15,0
DA:17,1
DA:18,1
DA:28,2
DA:29,2
DA:30,2
DA:32,2
DA:33,2
DA:34,0
DA:35,0
DA:38,2
DA:42,2
DA:43,2
DA:44,0
DA:45,0
DA:49,2
DA:53,2
DA:65,2
DA:66,2
DA:67,2
DA:69,2
DA:70,2
DA:71,0
DA:72,0
DA:75,2
DA:79,2
DA:80,2
DA:81,0
DA:82,0
DA:86,2
DA:90,2
DA:102,2
DA:103,2
DA:104,2
DA:106,2
DA:107,2
DA:108,0
DA:109,0
DA:112,2
DA:116,2
DA:117,2
DA:118,0
DA:119,0
DA:123,2
DA:127,2
DA:139,4
DA:140,4
DA:141,4
DA:143,4
DA:144,4
DA:145,0
DA:146,0
DA:149,4
DA:153,4
DA:154,4
DA:155,0
DA:156,0
DA:160,4
DA:164,4
DA:176,1
DA:177,1
DA:178,1
DA:180,1
DA:181,1
DA:182,0
DA:183,0
DA:185,1
DA:186,1
DA:192,0
DA:193,0
DA:197,0
DA:198,0
DA:205,2
DA:206,2
DA:209,2
DA:210,2
DA:211,0
DA:212,0
DA:214,2
DA:216,2
DA:217,2
DA:218,0
DA:219,0
DA:221,2
DA:225,2
DA:233,2
DA:234,2
DA:237,2
DA:238,2
DA:239,0
DA:240,0
DA:242,2
DA:244,2
DA:245,2
DA:246,0
DA:247,0
DA:249,2
DA:253,2
DA:263,2
DA:264,2
DA:265,2
DA:267,2
DA:268,2
DA:269,0
DA:270,0
DA:273,2
DA:277,2
DA:278,2
DA:279,0
DA:280,0
DA:284,2
DA:288,2
DA:300,0
DA:301,0
DA:302,0
DA:304,0
DA:305,0
DA:306,0
DA:307,0
DA:310,0
DA:314,0
DA:315,0
DA:316,0
DA:317,0
DA:321,0
DA:325,0
DA:337,0
DA:338,0
DA:339,0
DA:341,0
DA:342,0
DA:343,0
DA:344,0
DA:346,0
DA:347,0
LF:143
LH:84
BRDA:13,0,0,0
BRDA:13,0,1,1
BRDA:33,1,0,0
BRDA:33,1,1,2
BRDA:43,2,0,0
BRDA:43,2,1,2
BRDA:70,3,0,0
BRDA:70,3,1,2
BRDA:80,4,0,0
BRDA:80,4,1,2
BRDA:107,5,0,0
BRDA:107,5,1,2
BRDA:117,6,0,0
BRDA:117,6,1,2
BRDA:144,7,0,0
BRDA:144,7,1,4
BRDA:154,8,0,0
BRDA:154,8,1,4
BRDA:181,9,0,0
BRDA:181,9,1,1
BRDA:210,10,0,0
BRDA:210,10,1,2
BRDA:217,11,0,0
BRDA:217,11,1,2
BRDA:238,12,0,0
BRDA:238,12,1,2
BRDA:245,13,0,0
BRDA:245,13,1,2
BRDA:268,14,0,0
BRDA:268,14,1,2
BRDA:278,15,0,0
BRDA:278,15,1,2
BRDA:305,16,0,0
BRDA:305,16,1,0
BRDA:315,17,0,0
BRDA:315,17,1,0
BRDA:342,18,0,0
BRDA:342,18,1,0
BRF:38
BRH:16
end_of_record
