TN:
SF:/Users/rj/Documents/Hack Reactor/reviews-service/database/index.js
FNF:0
FNH:0
DA:3,1
DA:4,1
DA:6,1
DA:8,1
DA:10,1
LF:5
LH:5
BRDA:4,0,0,1
BRDA:4,0,1,1
BRF:2
BRH:2
end_of_record
TN:
SF:/Users/rj/Documents/Hack Reactor/reviews-service/dummyData/reviewAscData.js
FNF:0
FNH:0
DA:1,1
LF:1
LH:1
BRF:0
BRH:0
end_of_record
TN:
SF:/Users/rj/Documents/Hack Reactor/reviews-service/dummyData/reviewData.js
FNF:0
FNH:0
DA:1,1
LF:1
LH:1
BRF:0
BRH:0
end_of_record
TN:
SF:/Users/rj/Documents/Hack Reactor/reviews-service/dummyData/userAscData.js
FNF:0
FNH:0
DA:1,1
LF:1
LH:1
BRF:0
BRH:0
end_of_record
TN:
SF:/Users/rj/Documents/Hack Reactor/reviews-service/dummyData/userData.js
FNF:0
FNH:0
DA:1,1
LF:1
LH:1
BRF:0
BRH:0
end_of_record
TN:
SF:/Users/rj/Documents/Hack Reactor/reviews-service/server/app.js
FNF:0
FNH:0
DA:3,1
DA:5,1
DA:7,1
DA:8,1
DA:11,1
DA:12,1
DA:13,1
DA:16,1
DA:18,1
DA:19,1
DA:20,1
DA:21,1
DA:24,1
DA:26,1
DA:29,1
DA:30,0
DA:31,0
DA:34,1
LF:18
LH:16
BRDA:29,0,0,0
BRDA:29,0,1,1
BRF:2
BRH:1
end_of_record
TN:
SF:/Users/rj/Documents/Hack Reactor/reviews-service/server/routes.js
FNF:0
FNH:0
DA:1,1
DA:2,1
DA:5,1
DA:7,1
DA:9,1
DA:11,1
DA:13,1
DA:15,1
DA:17,1
DA:19,1
DA:21,1
DA:23,1
DA:25,1
DA:27,1
DA:29,1
DA:33,1
LF:16
LH:16
BRF:0
BRH:0
end_of_record
TN:
SF:/Users/rj/Documents/Hack Reactor/reviews-service/server/controller/index.js
FN:7,(anonymous_0)
FN:11,(anonymous_1)
FN:15,(anonymous_2)
FN:22,(anonymous_3)
FN:26,(anonymous_4)
FN:30,(anonymous_5)
FN:35,(anonymous_6)
FN:39,(anonymous_7)
FN:43,(anonymous_8)
FN:48,(anonymous_9)
FN:52,(anonymous_10)
FN:56,(anonymous_11)
FN:61,(anonymous_12)
FN:65,(anonymous_13)
FN:69,(anonymous_14)
FN:74,(anonymous_15)
FN:78,(anonymous_16)
FN:82,(anonymous_17)
FN:87,(anonymous_18)
FN:88,(anonymous_19)
FN:91,(anonymous_20)
FN:95,(anonymous_21)
FN:99,(anonymous_22)
FN:104,(anonymous_23)
FN:108,(anonymous_24)
FN:112,(anonymous_25)
FN:117,(anonymous_26)
FN:121,(anonymous_27)
FN:125,(anonymous_28)
FN:130,(anonymous_29)
FN:134,(anonymous_30)
FN:138,(anonymous_31)
FN:143,(anonymous_32)
FN:147,(anonymous_33)
FN:151,(anonymous_34)
FNF:35
FNH:6
FNDA:1,(anonymous_0)
FNDA:1,(anonymous_1)
FNDA:0,(anonymous_2)
FNDA:2,(anonymous_3)
FNDA:2,(anonymous_4)
FNDA:0,(anonymous_5)
FNDA:2,(anonymous_6)
FNDA:2,(anonymous_7)
FNDA:0,(anonymous_8)
FNDA:0,(anonymous_9)
FNDA:0,(anonymous_10)
FNDA:0,(anonymous_11)
FNDA:0,(anonymous_12)
FNDA:0,(anonymous_13)
FNDA:0,(anonymous_14)
FNDA:0,(anonymous_15)
FNDA:0,(anonymous_16)
FNDA:0,(anonymous_17)
FNDA:0,(anonymous_18)
FNDA:0,(anonymous_19)
FNDA:0,(anonymous_20)
FNDA:0,(anonymous_21)
FNDA:0,(anonymous_22)
FNDA:0,(anonymous_23)
FNDA:0,(anonymous_24)
FNDA:0,(anonymous_25)
FNDA:0,(anonymous_26)
FNDA:0,(anonymous_27)
FNDA:0,(anonymous_28)
FNDA:0,(anonymous_29)
FNDA:0,(anonymous_30)
FNDA:0,(anonymous_31)
FNDA:0,(anonymous_32)
FNDA:0,(anonymous_33)
FNDA:0,(anonymous_34)
DA:3,1
DA:5,1
DA:8,1
DA:9,1
DA:10,1
DA:12,1
DA:13,1
DA:16,0
DA:17,0
DA:23,2
DA:24,2
DA:25,2
DA:27,2
DA:28,2
DA:31,0
DA:32,0
DA:36,2
DA:37,2
DA:38,2
DA:40,2
DA:41,2
DA:44,0
DA:45,0
DA:49,0
DA:50,0
DA:51,0
DA:53,0
DA:54,0
DA:57,0
DA:58,0
DA:62,0
DA:63,0
DA:64,0
DA:66,0
DA:67,0
DA:70,0
DA:71,0
DA:75,0
DA:76,0
DA:77,0
DA:79,0
DA:80,0
DA:83,0
DA:84,0
DA:92,0
DA:93,0
DA:94,0
DA:96,0
DA:97,0
DA:100,0
DA:101,0
DA:105,0
DA:106,0
DA:107,0
DA:109,0
DA:110,0
DA:113,0
DA:114,0
DA:118,0
DA:119,0
DA:120,0
DA:122,0
DA:123,0
DA:126,0
DA:127,0
DA:131,0
DA:132,0
DA:133,0
DA:135,0
DA:136,0
DA:139,0
DA:140,0
DA:144,0
DA:145,0
DA:146,0
DA:148,0
DA:149,0
DA:152,0
DA:153,0
LF:79
LH:17
BRF:0
BRH:0
end_of_record
TN:
SF:/Users/rj/Documents/Hack Reactor/reviews-service/server/model/index.js
FN:7,(anonymous_0)
FN:9,(anonymous_1)
FN:12,(anonymous_2)
FN:25,(anonymous_3)
FN:29,(anonymous_4)
FN:32,(anonymous_5)
FN:42,(anonymous_6)
FN:62,(anonymous_7)
FN:66,(anonymous_8)
FN:69,(anonymous_9)
FN:79,(anonymous_10)
FN:99,(anonymous_11)
FN:103,(anonymous_12)
FN:106,(anonymous_13)
FN:116,(anonymous_14)
FN:136,(anonymous_15)
FN:140,(anonymous_16)
FN:143,(anonymous_17)
FN:153,(anonymous_18)
FN:173,(anonymous_19)
FN:177,(anonymous_20)
FN:180,(anonymous_21)
FN:191,(anonymous_22)
FN:192,(anonymous_23)
FN:196,(anonymous_24)
FN:197,(anonymous_25)
FN:204,(anonymous_26)
FN:205,(anonymous_27)
FN:209,(anonymous_28)
FN:216,(anonymous_29)
FN:232,(anonymous_30)
FN:233,(anonymous_31)
FN:237,(anonymous_32)
FN:244,(anonymous_33)
FN:260,(anonymous_34)
FN:264,(anonymous_35)
FN:267,(anonymous_36)
FN:277,(anonymous_37)
FN:297,(anonymous_38)
FN:301,(anonymous_39)
FN:304,(anonymous_40)
FN:314,(anonymous_41)
FN:334,(anonymous_42)
FN:338,(anonymous_43)
FN:341,(anonymous_44)
FNF:45
FNH:11
FNDA:1,(anonymous_0)
FNDA:1,(anonymous_1)
FNDA:1,(anonymous_2)
FNDA:2,(anonymous_3)
FNDA:2,(anonymous_4)
FNDA:2,(anonymous_5)
FNDA:2,(anonymous_6)
FNDA:2,(anonymous_7)
FNDA:2,(anonymous_8)
FNDA:2,(anonymous_9)
FNDA:2,(anonymous_10)
FNDA:0,(anonymous_11)
FNDA:0,(anonymous_12)
FNDA:0,(anonymous_13)
FNDA:0,(anonymous_14)
FNDA:0,(anonymous_15)
FNDA:0,(anonymous_16)
FNDA:0,(anonymous_17)
FNDA:0,(anonymous_18)
FNDA:0,(anonymous_19)
FNDA:0,(anonymous_20)
FNDA:0,(anonymous_21)
FNDA:0,(anonymous_22)
FNDA:0,(anonymous_23)
FNDA:0,(anonymous_24)
FNDA:0,(anonymous_25)
FNDA:0,(anonymous_26)
FNDA:0,(anonymous_27)
FNDA:0,(anonymous_28)
FNDA:0,(anonymous_29)
FNDA:0,(anonymous_30)
FNDA:0,(anonymous_31)
FNDA:0,(anonymous_32)
FNDA:0,(anonymous_33)
FNDA:0,(anonymous_34)
FNDA:0,(anonymous_35)
FNDA:0,(anonymous_36)
FNDA:0,(anonymous_37)
FNDA:0,(anonymous_38)
FNDA:0,(anonymous_39)
FNDA:0,(anonymous_40)
FNDA:0,(anonymous_41)
FNDA:0,(anonymous_42)
FNDA:0,(anonymous_43)
FNDA:0,(anonymous_44)
DA:3,1
DA:5,1
DA:8,1
DA:9,1
DA:10,1
DA:12,1
DA:13,1
DA:14,0
DA:15,0
DA:17,1
DA:18,1
DA:28,2
DA:29,2
DA:30,2
DA:32,2
DA:33,2
DA:34,0
DA:35,0
DA:38,2
DA:42,2
DA:43,2
DA:44,0
DA:45,0
DA:49,2
DA:53,2
DA:65,2
DA:66,2
DA:67,2
DA:69,2
DA:70,2
DA:71,0
DA:72,0
DA:75,2
DA:79,2
DA:80,2
DA:81,0
DA:82,0
DA:86,2
DA:90,2
DA:102,0
DA:103,0
DA:104,0
DA:106,0
DA:107,0
DA:108,0
DA:109,0
DA:112,0
DA:116,0
DA:117,0
DA:118,0
DA:119,0
DA:123,0
DA:127,0
DA:139,0
DA:140,0
DA:141,0
DA:143,0
DA:144,0
DA:145,0
DA:146,0
DA:149,0
DA:153,0
DA:154,0
DA:155,0
DA:156,0
DA:160,0
DA:164,0
DA:176,0
DA:177,0
DA:178,0
DA:180,0
DA:181,0
DA:182,0
DA:183,0
DA:185,0
DA:186,0
DA:192,0
DA:193,0
DA:197,0
DA:198,0
DA:205,0
DA:206,0
DA:209,0
DA:210,0
DA:211,0
DA:212,0
DA:214,0
DA:216,0
DA:217,0
DA:218,0
DA:219,0
DA:221,0
DA:225,0
DA:233,0
DA:234,0
DA:237,0
DA:238,0
DA:239,0
DA:240,0
DA:242,0
DA:244,0
DA:245,0
DA:246,0
DA:247,0
DA:249,0
DA:253,0
DA:263,0
DA:264,0
DA:265,0
DA:267,0
DA:268,0
DA:269,0
DA:270,0
DA:273,0
DA:277,0
DA:278,0
DA:279,0
DA:280,0
DA:284,0
DA:288,0
DA:300,0
DA:301,0
DA:302,0
DA:304,0
DA:305,0
DA:306,0
DA:307,0
DA:310,0
DA:314,0
DA:315,0
DA:316,0
DA:317,0
DA:321,0
DA:325,0
DA:337,0
DA:338,0
DA:339,0
DA:341,0
DA:342,0
DA:343,0
DA:344,0
DA:346,0
DA:347,0
LF:143
LH:29
BRDA:13,0,0,0
BRDA:13,0,1,1
BRDA:33,1,0,0
BRDA:33,1,1,2
BRDA:43,2,0,0
BRDA:43,2,1,2
BRDA:70,3,0,0
BRDA:70,3,1,2
BRDA:80,4,0,0
BRDA:80,4,1,2
BRDA:107,5,0,0
BRDA:107,5,1,0
BRDA:117,6,0,0
BRDA:117,6,1,0
BRDA:144,7,0,0
BRDA:144,7,1,0
BRDA:154,8,0,0
BRDA:154,8,1,0
BRDA:181,9,0,0
BRDA:181,9,1,0
BRDA:210,10,0,0
BRDA:210,10,1,0
BRDA:217,11,0,0
BRDA:217,11,1,0
BRDA:238,12,0,0
BRDA:238,12,1,0
BRDA:245,13,0,0
BRDA:245,13,1,0
BRDA:268,14,0,0
BRDA:268,14,1,0
BRDA:278,15,0,0
BRDA:278,15,1,0
BRDA:305,16,0,0
BRDA:305,16,1,0
BRDA:315,17,0,0
BRDA:315,17,1,0
BRDA:342,18,0,0
BRDA:342,18,1,0
BRF:38
BRH:5
end_of_record
